<?xml version="1.0" encoding="UTF-8"?>
<!-- Generated by org.testng.reporters.JUnitXMLReporter -->
<testsuite ignored="3" hostname="GURLPG02P17R" failures="0" tests="5" name="Regressionn" time="0.099" errors="0" timestamp="2024-03-12T12:58:26 IST">
  <testcase classname="testNG.Day1" name="m2" time="0.007"/>
  <testcase classname="testNG.Day2" name="l3" time="0.001"/>
  <testcase classname="testNG.Day2" name="m90" time="0.002"/>
  <testcase classname="testNG.Day3" name="m4carloan" time="0.001"/>
  <testcase classname="testNG.TestNGAnnotations" name="m7" time="0.001"/>
  <testcase classname="testNG.TestNGAnnotations" name="m6" time="0.0">
    <ignored/>
  </testcase> <!-- m6 -->
  <testcase classname="testNG.Day1" name="m1" time="0.0">
    <ignored/>
  </testcase> <!-- m1 -->
  <testcase classname="testNG.TestNGAnnotations" name="login" time="0.0">
    <ignored/>
  </testcase> <!-- login -->
</testsuite> <!-- Regressionn -->
